<?xml version="1.0" encoding="UTF-8"?>
<!-- Generated by org.testng.reporters.JUnitXMLReporter -->
<testsuite ignored="0" hostname="DESKTOP-UF7VLGD" failures="0" tests="8" name="Surefire test" time="87.639" errors="0" timestamp="2025-09-19T20:39:28 ICT">
  <testcase classname="tc_website.LoginTestDataDriven" name="testLoginSuccessfully" time="4.435"/>
  <testcase classname="tc_website.LoginTestDataDriven" name="testLoginWithWrongEmail" time="4.343"/>
  <testcase classname="tc_website.LoginTestDataDriven" name="testLoginWithWrongPassword" time="4.364"/>
  <testcase classname="tc_website.LoginTestDataDriven" name="testLoginWithEmptyEmail" time="4.304"/>
  <testcase classname="tc_website.LoginTestDataDriven" name="testLoginWithEmptyPassword" time="4.3"/>
  <testcase classname="tc_website.LoginTestDataDriven" name="testLoginWithInvalidEmail" time="4.341"/>
  <testcase classname="tc_website.LoginTestDataDriven" name="testLoginWithNumericPassword" time="4.367"/>
  <testcase classname="tc_website.LoginTestDataDriven" name="testLoginWithAlphabeticPassword" time="4.368"/>
</testsuite> <!-- Surefire test -->
