<?xml version="1.0" encoding="UTF-8"?>
<!-- Generated by org.testng.reporters.JUnitXMLReporter -->
<testsuite ignored="7" hostname="DESKTOP-UF7VLGD" failures="0" tests="1" name="Surefire test" time="11.628" errors="0" timestamp="2025-09-19T20:26:50 ICT">
  <testcase classname="tc_website.tc_login" name="dn1_loginSuccessfully" time="4.425"/>
  <testcase classname="tc_website.tc_login" name="dn7_loginWithPasswordHasOnlyNumbers" time="0.0">
    <ignored/>
  </testcase> <!-- dn7_loginWithPasswordHasOnlyNumbers -->
  <testcase classname="tc_website.tc_login" name="dn4_loginWithEmptyEmail" time="0.0">
    <ignored/>
  </testcase> <!-- dn4_loginWithEmptyEmail -->
  <testcase classname="tc_website.tc_login" name="dn3_loginWithWrongPassword" time="0.0">
    <ignored/>
  </testcase> <!-- dn3_loginWithWrongPassword -->
  <testcase classname="tc_website.tc_login" name="dn5_loginWithEmptyPassword" time="0.0">
    <ignored/>
  </testcase> <!-- dn5_loginWithEmptyPassword -->
  <testcase classname="tc_website.tc_login" name="dn6_loginWithInvalidEmail" time="0.0">
    <ignored/>
  </testcase> <!-- dn6_loginWithInvalidEmail -->
  <testcase classname="tc_website.tc_login" name="dn2_loginWithWrongEmail" time="0.0">
    <ignored/>
  </testcase> <!-- dn2_loginWithWrongEmail -->
  <testcase classname="tc_website.tc_login" name="dn8_loginWithPasswordHasOnlyAlphabet" time="0.0">
    <ignored/>
  </testcase> <!-- dn8_loginWithPasswordHasOnlyAlphabet -->
</testsuite> <!-- Surefire test -->
