<!DOCTYPE html>

<html>
  <head>
  <meta charset='utf-8'>
  <title>TestNG reports</title>

    <link type="text/css" href="testng-reports1.css" rel="stylesheet" id="ultra" />
    <link type="text/css" href="testng-reports.css" rel="stylesheet" id="retro" disabled="false"/>
    <script type="text/javascript" src="jquery.min.js"></script>
    <script type="text/javascript" src="testng-reports.js"></script>
    <script type="text/javascript" src="https://www.google.com/jsapi"></script>
    <script type='text/javascript'>
      google.load('visualization', '1', {packages:['table']});
      google.setOnLoadCallback(drawTable);
      var suiteTableInitFunctions = new Array();
      var suiteTableData = new Array();
    </script>
    <!--
      <script type="text/javascript" src="jquery-ui/js/jquery-ui-1.8.16.custom.min.js"></script>
     -->
  </head>

  <body>
    <div class="top-banner-root">
      <span class="top-banner-title-font">Test results</span>
      <button id="button" class="button">Switch Retro Theme</button> <!-- button -->
      <br/>
      <span class="top-banner-font-1">1 suite, 6 failed tests</span>
    </div> <!-- top-banner-root -->
    <div class="navigator-root">
      <div class="navigator-suite-header">
        <span>All suites</span>
        <a href="#" title="Collapse/expand all the suites" class="collapse-all-link">
          <img src="collapseall.gif" class="collapse-all-icon">
          </img> <!-- collapse-all-icon -->
        </a> <!-- collapse-all-link -->
      </div> <!-- navigator-suite-header -->
      <div class="suite">
        <div class="rounded-window">
          <div class="suite-header light-rounded-window-top">
            <a href="#" panel-name="suite-DATN_All_Tests_Suite" class="navigator-link">
              <span class="suite-name border-failed">DATN All Tests Suite</span>
            </a> <!-- navigator-link -->
          </div> <!-- suite-header light-rounded-window-top -->
          <div class="navigator-suite-content">
            <div class="suite-section-title">
              <span>Info</span>
            </div> <!-- suite-section-title -->
            <div class="suite-section-content">
              <ul>
                <li>
                  <a href="#" panel-name="test-xml-DATN_All_Tests_Suite" class="navigator-link ">
                    <span>D:\student\DoAnMaiAnh\test2\DATN_NguyenThiHaiYen_2021607634\testng-all.xml</span>
                  </a> <!-- navigator-link  -->
                </li>
                <li>
                  <a href="#" panel-name="testlist-DATN_All_Tests_Suite" class="navigator-link ">
                    <span class="test-stats">1 test</span>
                  </a> <!-- navigator-link  -->
                </li>
                <li>
                  <a href="#" panel-name="group-DATN_All_Tests_Suite" class="navigator-link ">
                    <span>0 groups</span>
                  </a> <!-- navigator-link  -->
                </li>
                <li>
                  <a href="#" panel-name="times-DATN_All_Tests_Suite" class="navigator-link ">
                    <span>Times</span>
                  </a> <!-- navigator-link  -->
                </li>
                <li>
                  <a href="#" panel-name="reporter-DATN_All_Tests_Suite" class="navigator-link ">
                    <span>Reporter output</span>
                  </a> <!-- navigator-link  -->
                </li>
                <li>
                  <a href="#" panel-name="ignored-methods-DATN_All_Tests_Suite" class="navigator-link ">
                    <span>Ignored methods</span>
                  </a> <!-- navigator-link  -->
                </li>
                <li>
                  <a href="#" panel-name="chronological-DATN_All_Tests_Suite" class="navigator-link ">
                    <span>Chronological view</span>
                  </a> <!-- navigator-link  -->
                </li>
              </ul>
            </div> <!-- suite-section-content -->
            <div class="result-section">
              <div class="suite-section-title">
                <span>Results</span>
              </div> <!-- suite-section-title -->
              <div class="suite-section-content">
                <ul>
                  <li>
                    <span class="method-stats">28 methods, 6 failed,  1 skipped,  21 passed</span>
                  </li>
                  <li>
                    <span class="method-list-title failed">Failed methods</span>
                    <span class="show-or-hide-methods failed">
                      <a href="#" panel-name="suite-DATN_All_Tests_Suite" class="hide-methods failed suite-DATN_All_Tests_Suite"> (hide)</a> <!-- hide-methods failed suite-DATN_All_Tests_Suite -->
                      <a href="#" panel-name="suite-DATN_All_Tests_Suite" class="show-methods failed suite-DATN_All_Tests_Suite"> (show)</a> <!-- show-methods failed suite-DATN_All_Tests_Suite -->
                    </span>
                    <div class="method-list-content failed suite-DATN_All_Tests_Suite">
                      <span>
                        <img src="failed.png" width="3%"/>
                        <a href="#" panel-name="suite-DATN_All_Tests_Suite" title="tc_website.tc_viewProfile" class="method navigator-link" hash-for-method="cn1_viewProfileDetail">cn1_viewProfileDetail</a> <!-- method navigator-link -->
                      </span>
                      <br/>
                      <span>
                        <img src="failed.png" width="3%"/>
                        <a href="#" panel-name="suite-DATN_All_Tests_Suite" title="tc_website.tc_cartManagement" class="method navigator-link" hash-for-method="gh1_viewEmptyCart">gh1_viewEmptyCart</a> <!-- method navigator-link -->
                      </span>
                      <br/>
                      <span>
                        <img src="failed.png" width="3%"/>
                        <a href="#" panel-name="suite-DATN_All_Tests_Suite" title="tc_website.tc_search" class="method navigator-link" hash-for-method="tk2_searchByIncorrectName">tk2_searchByIncorrectName</a> <!-- method navigator-link -->
                      </span>
                      <br/>
                      <span>
                        <img src="failed.png" width="3%"/>
                        <a href="#" panel-name="suite-DATN_All_Tests_Suite" title="tc_website.tc_search" class="method navigator-link" hash-for-method="tk3_searchByPrice">tk3_searchByPrice</a> <!-- method navigator-link -->
                      </span>
                      <br/>
                      <span>
                        <img src="failed.png" width="3%"/>
                        <a href="#" panel-name="suite-DATN_All_Tests_Suite" title="tc_website.tc_search" class="method navigator-link" hash-for-method="tk4_searchByBrand">tk4_searchByBrand</a> <!-- method navigator-link -->
                      </span>
                      <br/>
                      <span>
                        <img src="failed.png" width="3%"/>
                        <a href="#" panel-name="suite-DATN_All_Tests_Suite" title="tc_website.tc_payment" class="method navigator-link" hash-for-method="tt2_payWithMomo">tt2_payWithMomo</a> <!-- method navigator-link -->
                      </span>
                      <br/>
                    </div> <!-- method-list-content failed suite-DATN_All_Tests_Suite -->
                  </li>
                  <li>
                    <span class="method-list-title skipped">Skipped methods</span>
                    <span class="show-or-hide-methods skipped">
                      <a href="#" panel-name="suite-DATN_All_Tests_Suite" class="hide-methods skipped suite-DATN_All_Tests_Suite"> (hide)</a> <!-- hide-methods skipped suite-DATN_All_Tests_Suite -->
                      <a href="#" panel-name="suite-DATN_All_Tests_Suite" class="show-methods skipped suite-DATN_All_Tests_Suite"> (show)</a> <!-- show-methods skipped suite-DATN_All_Tests_Suite -->
                    </span>
                    <div class="method-list-content skipped suite-DATN_All_Tests_Suite">
                      <span>
                        <img src="skipped.png" width="3%"/>
                        <a href="#" panel-name="suite-DATN_All_Tests_Suite" title="tc_website.tc_payment" class="method navigator-link" hash-for-method="tt3_payWithZalopay">tt3_payWithZalopay</a> <!-- method navigator-link -->
                      </span>
                      <br/>
                    </div> <!-- method-list-content skipped suite-DATN_All_Tests_Suite -->
                  </li>
                  <li>
                    <span class="method-list-title passed">Passed methods</span>
                    <span class="show-or-hide-methods passed">
                      <a href="#" panel-name="suite-DATN_All_Tests_Suite" class="hide-methods passed suite-DATN_All_Tests_Suite"> (hide)</a> <!-- hide-methods passed suite-DATN_All_Tests_Suite -->
                      <a href="#" panel-name="suite-DATN_All_Tests_Suite" class="show-methods passed suite-DATN_All_Tests_Suite"> (show)</a> <!-- show-methods passed suite-DATN_All_Tests_Suite -->
                    </span>
                    <div class="method-list-content passed suite-DATN_All_Tests_Suite">
                      <span>
                        <img src="passed.png" width="3%"/>
                        <a href="#" panel-name="suite-DATN_All_Tests_Suite" title="tc_website.tc_viewProductDetail" class="method navigator-link" hash-for-method="ct1_viewProductLogout">ct1_viewProductLogout</a> <!-- method navigator-link -->
                      </span>
                      <br/>
                      <span>
                        <img src="passed.png" width="3%"/>
                        <a href="#" panel-name="suite-DATN_All_Tests_Suite" title="tc_website.tc_viewProductDetail" class="method navigator-link" hash-for-method="ct2_viewProductLogin">ct2_viewProductLogin</a> <!-- method navigator-link -->
                      </span>
                      <br/>
                      <span>
                        <img src="passed.png" width="3%"/>
                        <a href="#" panel-name="suite-DATN_All_Tests_Suite" title="tc_website.tc_logout" class="method navigator-link" hash-for-method="dx1_logoutSuccessfully">dx1_logoutSuccessfully</a> <!-- method navigator-link -->
                      </span>
                      <br/>
                      <span>
                        <img src="passed.png" width="3%"/>
                        <a href="#" panel-name="suite-DATN_All_Tests_Suite" title="tc_website.tc_cartManagement" class="method navigator-link" hash-for-method="gh2_addCart">gh2_addCart</a> <!-- method navigator-link -->
                      </span>
                      <br/>
                      <span>
                        <img src="passed.png" width="3%"/>
                        <a href="#" panel-name="suite-DATN_All_Tests_Suite" title="tc_website.tc_cartManagement" class="method navigator-link" hash-for-method="gh4_viewCartHasProduct">gh4_viewCartHasProduct</a> <!-- method navigator-link -->
                      </span>
                      <br/>
                      <span>
                        <img src="passed.png" width="3%"/>
                        <a href="#" panel-name="suite-DATN_All_Tests_Suite" title="tc_website.tc_updateProfile" class="method navigator-link" hash-for-method="pf1_updateProfile">pf1_updateProfile</a> <!-- method navigator-link -->
                      </span>
                      <br/>
                      <span>
                        <img src="passed.png" width="3%"/>
                        <a href="#" panel-name="suite-DATN_All_Tests_Suite" title="tc_website.LoginTestDataDriven" class="method navigator-link" hash-for-method="testLoginSuccessfully">testLoginSuccessfully</a> <!-- method navigator-link -->
                      </span>
                      <br/>
                      <span>
                        <img src="passed.png" width="3%"/>
                        <a href="#" panel-name="suite-DATN_All_Tests_Suite" title="tc_website.LoginTestDataDriven" class="method navigator-link" hash-for-method="testLoginWithAlphabeticPassword">testLoginWithAlphabeticPassword</a> <!-- method navigator-link -->
                      </span>
                      <br/>
                      <span>
                        <img src="passed.png" width="3%"/>
                        <a href="#" panel-name="suite-DATN_All_Tests_Suite" title="tc_website.LoginTestDataDriven" class="method navigator-link" hash-for-method="testLoginWithEmptyEmail">testLoginWithEmptyEmail</a> <!-- method navigator-link -->
                      </span>
                      <br/>
                      <span>
                        <img src="passed.png" width="3%"/>
                        <a href="#" panel-name="suite-DATN_All_Tests_Suite" title="tc_website.LoginTestDataDriven" class="method navigator-link" hash-for-method="testLoginWithEmptyPassword">testLoginWithEmptyPassword</a> <!-- method navigator-link -->
                      </span>
                      <br/>
                      <span>
                        <img src="passed.png" width="3%"/>
                        <a href="#" panel-name="suite-DATN_All_Tests_Suite" title="tc_website.LoginTestDataDriven" class="method navigator-link" hash-for-method="testLoginWithInvalidEmail">testLoginWithInvalidEmail</a> <!-- method navigator-link -->
                      </span>
                      <br/>
                      <span>
                        <img src="passed.png" width="3%"/>
                        <a href="#" panel-name="suite-DATN_All_Tests_Suite" title="tc_website.LoginTestDataDriven" class="method navigator-link" hash-for-method="testLoginWithNumericPassword">testLoginWithNumericPassword</a> <!-- method navigator-link -->
                      </span>
                      <br/>
                      <span>
                        <img src="passed.png" width="3%"/>
                        <a href="#" panel-name="suite-DATN_All_Tests_Suite" title="tc_website.LoginTestDataDriven" class="method navigator-link" hash-for-method="testLoginWithWrongEmail">testLoginWithWrongEmail</a> <!-- method navigator-link -->
                      </span>
                      <br/>
                      <span>
                        <img src="passed.png" width="3%"/>
                        <a href="#" panel-name="suite-DATN_All_Tests_Suite" title="tc_website.LoginTestDataDriven" class="method navigator-link" hash-for-method="testLoginWithWrongPassword">testLoginWithWrongPassword</a> <!-- method navigator-link -->
                      </span>
                      <br/>
                      <span>
                        <img src="passed.png" width="3%"/>
                        <a href="#" panel-name="suite-DATN_All_Tests_Suite" title="tc_website.RegistrationTestDataDriven" class="method navigator-link" hash-for-method="testRegisterSuccessfully">testRegisterSuccessfully</a> <!-- method navigator-link -->
                      </span>
                      <br/>
                      <span>
                        <img src="passed.png" width="3%"/>
                        <a href="#" panel-name="suite-DATN_All_Tests_Suite" title="tc_website.RegistrationTestDataDriven" class="method navigator-link" hash-for-method="testRegisterWithEmptyEmail">testRegisterWithEmptyEmail</a> <!-- method navigator-link -->
                      </span>
                      <br/>
                      <span>
                        <img src="passed.png" width="3%"/>
                        <a href="#" panel-name="suite-DATN_All_Tests_Suite" title="tc_website.RegistrationTestDataDriven" class="method navigator-link" hash-for-method="testRegisterWithEmptyName">testRegisterWithEmptyName</a> <!-- method navigator-link -->
                      </span>
                      <br/>
                      <span>
                        <img src="passed.png" width="3%"/>
                        <a href="#" panel-name="suite-DATN_All_Tests_Suite" title="tc_website.RegistrationTestDataDriven" class="method navigator-link" hash-for-method="testRegisterWithExistingEmail">testRegisterWithExistingEmail</a> <!-- method navigator-link -->
                      </span>
                      <br/>
                      <span>
                        <img src="passed.png" width="3%"/>
                        <a href="#" panel-name="suite-DATN_All_Tests_Suite" title="tc_website.RegistrationTestDataDriven" class="method navigator-link" hash-for-method="testRegisterWithInvalidEmail">testRegisterWithInvalidEmail</a> <!-- method navigator-link -->
                      </span>
                      <br/>
                      <span>
                        <img src="passed.png" width="3%"/>
                        <a href="#" panel-name="suite-DATN_All_Tests_Suite" title="tc_website.tc_search" class="method navigator-link" hash-for-method="tk1_searchByCorrectName">tk1_searchByCorrectName</a> <!-- method navigator-link -->
                      </span>
                      <br/>
                      <span>
                        <img src="passed.png" width="3%"/>
                        <a href="#" panel-name="suite-DATN_All_Tests_Suite" title="tc_website.tc_payment" class="method navigator-link" hash-for-method="tt1_payInCash">tt1_payInCash</a> <!-- method navigator-link -->
                      </span>
                      <br/>
                    </div> <!-- method-list-content passed suite-DATN_All_Tests_Suite -->
                  </li>
                </ul>
              </div> <!-- suite-section-content -->
            </div> <!-- result-section -->
          </div> <!-- navigator-suite-content -->
        </div> <!-- rounded-window -->
      </div> <!-- suite -->
    </div> <!-- navigator-root -->
    <div class="wrapper">
      <div class="main-panel-root">
        <div panel-name="suite-DATN_All_Tests_Suite" class="panel DATN_All_Tests_Suite">
          <div class="suite-DATN_All_Tests_Suite-class-failed">
            <div class="main-panel-header rounded-window-top">
              <img src="failed.png"/>
              <span class="class-name">tc_website.tc_payment</span>
            </div> <!-- main-panel-header rounded-window-top -->
            <div class="main-panel-content rounded-window-bottom">
              <div class="method">
                <div class="method-content">
                  <a name="tt2_payWithMomo">
                  </a> <!-- tt2_payWithMomo -->
                  <span class="method-name">tt2_payWithMomo</span>
                  <div class="stack-trace">org.openqa.selenium.ElementNotInteractableException: element not interactable
  (Session info: chrome=140.0.7339.129)
Build info: version: &apos;3.141.59&apos;, revision: &apos;e82be7d358&apos;, time: &apos;2018-11-14T08:17:03&apos;
System info: host: &apos;DESKTOP-UF7VLGD&apos;, ip: &apos;192.168.0.103&apos;, os.name: &apos;Windows 11&apos;, os.arch: &apos;amd64&apos;, os.version: &apos;10.0&apos;, java.version: &apos;21.0.2&apos;
Driver info: org.openqa.selenium.chrome.ChromeDriver
Capabilities {acceptInsecureCerts: false, browserName: chrome, browserVersion: 140.0.7339.129, chrome: {chromedriverVersion: 140.0.7339.185 (eeea00e459e..., userDataDir: C:\Users\ADMIN\AppData\Loca...}, fedcm:accounts: true, goog:chromeOptions: {debuggerAddress: localhost:14080}, javascriptEnabled: true, networkConnectionEnabled: false, pageLoadStrategy: normal, platform: WINDOWS, platformName: WINDOWS, proxy: Proxy(), setWindowRect: true, strictFileInteractability: false, timeouts: {implicit: 0, pageLoad: 300000, script: 30000}, unhandledPromptBehavior: dismiss and notify, webauthn:extension:credBlob: true, webauthn:extension:largeBlob: true, webauthn:extension:minPinLength: true, webauthn:extension:prf: true, webauthn:virtualAuthenticators: true}
Session ID: 653957aca4b2b1182616535033859efb
	at org.openqa.selenium.remote.http.W3CHttpResponseCodec.createException(W3CHttpResponseCodec.java:187)
	at org.openqa.selenium.remote.http.W3CHttpResponseCodec.decode(W3CHttpResponseCodec.java:122)
	at org.openqa.selenium.remote.http.W3CHttpResponseCodec.decode(W3CHttpResponseCodec.java:49)
	at org.openqa.selenium.remote.HttpCommandExecutor.execute(HttpCommandExecutor.java:158)
	at org.openqa.selenium.remote.service.DriverCommandExecutor.execute(DriverCommandExecutor.java:83)
	at org.openqa.selenium.remote.RemoteWebDriver.execute(RemoteWebDriver.java:552)
	at org.openqa.selenium.remote.RemoteWebElement.execute(RemoteWebElement.java:285)
	at org.openqa.selenium.remote.RemoteWebElement.click(RemoteWebElement.java:84)
	at tc_website.tc_payment.tt2_payWithMomo(tc_payment.java:208)
	at java.base/java.util.ArrayList.forEach(ArrayList.java:1596)
... Removed 32 stack frames
</div> <!-- stack-trace -->
                </div> <!-- method-content -->
              </div> <!-- method -->
            </div> <!-- main-panel-content rounded-window-bottom -->
          </div> <!-- suite-DATN_All_Tests_Suite-class-failed -->
          <div class="suite-DATN_All_Tests_Suite-class-failed">
            <div class="main-panel-header rounded-window-top">
              <img src="failed.png"/>
              <span class="class-name">tc_website.tc_search</span>
            </div> <!-- main-panel-header rounded-window-top -->
            <div class="main-panel-content rounded-window-bottom">
              <div class="method">
                <div class="method-content">
                  <a name="tk2_searchByIncorrectName">
                  </a> <!-- tk2_searchByIncorrectName -->
                  <span class="method-name">tk2_searchByIncorrectName</span>
                  <div class="stack-trace">org.openqa.selenium.NoSuchElementException: no such element: Unable to locate element: {&quot;method&quot;:&quot;xpath&quot;,&quot;selector&quot;:&quot;/html[1]/body[1]/div[1]/div[2]/main[1]/div[1]/form[1]/div[1]/div[1]/div[1]/div[1]/div[5]/button[2]/span[1]&quot;}
  (Session info: chrome=140.0.7339.129)
For documentation on this error, please visit: https://www.seleniumhq.org/exceptions/no_such_element.html
Build info: version: &apos;3.141.59&apos;, revision: &apos;e82be7d358&apos;, time: &apos;2018-11-14T08:17:03&apos;
System info: host: &apos;DESKTOP-UF7VLGD&apos;, ip: &apos;192.168.0.103&apos;, os.name: &apos;Windows 11&apos;, os.arch: &apos;amd64&apos;, os.version: &apos;10.0&apos;, java.version: &apos;21.0.2&apos;
Driver info: org.openqa.selenium.chrome.ChromeDriver
Capabilities {acceptInsecureCerts: false, browserName: chrome, browserVersion: 140.0.7339.129, chrome: {chromedriverVersion: 140.0.7339.185 (eeea00e459e..., userDataDir: C:\Users\ADMIN\AppData\Loca...}, fedcm:accounts: true, goog:chromeOptions: {debuggerAddress: localhost:4674}, javascriptEnabled: true, networkConnectionEnabled: false, pageLoadStrategy: normal, platform: WINDOWS, platformName: WINDOWS, proxy: Proxy(), setWindowRect: true, strictFileInteractability: false, timeouts: {implicit: 0, pageLoad: 300000, script: 30000}, unhandledPromptBehavior: dismiss and notify, webauthn:extension:credBlob: true, webauthn:extension:largeBlob: true, webauthn:extension:minPinLength: true, webauthn:extension:prf: true, webauthn:virtualAuthenticators: true}
Session ID: db1be7329c28af918b67b44d360a8c3c
*** Element info: {Using=xpath, value=/html[1]/body[1]/div[1]/div[2]/main[1]/div[1]/form[1]/div[1]/div[1]/div[1]/div[1]/div[5]/button[2]/span[1]}
	at org.openqa.selenium.remote.http.W3CHttpResponseCodec.createException(W3CHttpResponseCodec.java:187)
	at org.openqa.selenium.remote.http.W3CHttpResponseCodec.decode(W3CHttpResponseCodec.java:122)
	at org.openqa.selenium.remote.http.W3CHttpResponseCodec.decode(W3CHttpResponseCodec.java:49)
	at org.openqa.selenium.remote.HttpCommandExecutor.execute(HttpCommandExecutor.java:158)
	at org.openqa.selenium.remote.service.DriverCommandExecutor.execute(DriverCommandExecutor.java:83)
	at org.openqa.selenium.remote.RemoteWebDriver.execute(RemoteWebDriver.java:552)
	at org.openqa.selenium.remote.RemoteWebDriver.findElement(RemoteWebDriver.java:323)
	at org.openqa.selenium.remote.RemoteWebDriver.findElementByXPath(RemoteWebDriver.java:428)
	at org.openqa.selenium.By$ByXPath.findElement(By.java:353)
	at org.openqa.selenium.remote.RemoteWebDriver.findElement(RemoteWebDriver.java:315)
	at tc_website.tc_search.btnHuy(tc_search.java:27)
	at tc_website.tc_search.tk2_searchByIncorrectName(tc_search.java:75)
	at java.base/java.util.ArrayList.forEach(ArrayList.java:1596)
... Removed 32 stack frames
</div> <!-- stack-trace -->
                </div> <!-- method-content -->
              </div> <!-- method -->
              <div class="method">
                <div class="method-content">
                  <a name="tk3_searchByPrice">
                  </a> <!-- tk3_searchByPrice -->
                  <span class="method-name">tk3_searchByPrice</span>
                  <div class="stack-trace">org.openqa.selenium.NoSuchElementException: no such element: Unable to locate element: {&quot;method&quot;:&quot;xpath&quot;,&quot;selector&quot;:&quot;/html[1]/body[1]/div[1]/div[2]/main[1]/div[1]/form[1]/div[1]/div[1]/div[1]/div[1]/div[5]/button[2]/span[1]&quot;}
  (Session info: chrome=140.0.7339.129)
For documentation on this error, please visit: https://www.seleniumhq.org/exceptions/no_such_element.html
Build info: version: &apos;3.141.59&apos;, revision: &apos;e82be7d358&apos;, time: &apos;2018-11-14T08:17:03&apos;
System info: host: &apos;DESKTOP-UF7VLGD&apos;, ip: &apos;192.168.0.103&apos;, os.name: &apos;Windows 11&apos;, os.arch: &apos;amd64&apos;, os.version: &apos;10.0&apos;, java.version: &apos;21.0.2&apos;
Driver info: org.openqa.selenium.chrome.ChromeDriver
Capabilities {acceptInsecureCerts: false, browserName: chrome, browserVersion: 140.0.7339.129, chrome: {chromedriverVersion: 140.0.7339.185 (eeea00e459e..., userDataDir: C:\Users\ADMIN\AppData\Loca...}, fedcm:accounts: true, goog:chromeOptions: {debuggerAddress: localhost:4715}, javascriptEnabled: true, networkConnectionEnabled: false, pageLoadStrategy: normal, platform: WINDOWS, platformName: WINDOWS, proxy: Proxy(), setWindowRect: true, strictFileInteractability: false, timeouts: {implicit: 0, pageLoad: 300000, script: 30000}, unhandledPromptBehavior: dismiss and notify, webauthn:extension:credBlob: true, webauthn:extension:largeBlob: true, webauthn:extension:minPinLength: true, webauthn:extension:prf: true, webauthn:virtualAuthenticators: true}
Session ID: 2441f9774508f6ab2dd667c3c3a0d83d
*** Element info: {Using=xpath, value=/html[1]/body[1]/div[1]/div[2]/main[1]/div[1]/form[1]/div[1]/div[1]/div[1]/div[1]/div[5]/button[2]/span[1]}
	at org.openqa.selenium.remote.http.W3CHttpResponseCodec.createException(W3CHttpResponseCodec.java:187)
	at org.openqa.selenium.remote.http.W3CHttpResponseCodec.decode(W3CHttpResponseCodec.java:122)
	at org.openqa.selenium.remote.http.W3CHttpResponseCodec.decode(W3CHttpResponseCodec.java:49)
	at org.openqa.selenium.remote.HttpCommandExecutor.execute(HttpCommandExecutor.java:158)
	at org.openqa.selenium.remote.service.DriverCommandExecutor.execute(DriverCommandExecutor.java:83)
	at org.openqa.selenium.remote.RemoteWebDriver.execute(RemoteWebDriver.java:552)
	at org.openqa.selenium.remote.RemoteWebDriver.findElement(RemoteWebDriver.java:323)
	at org.openqa.selenium.remote.RemoteWebDriver.findElementByXPath(RemoteWebDriver.java:428)
	at org.openqa.selenium.By$ByXPath.findElement(By.java:353)
	at org.openqa.selenium.remote.RemoteWebDriver.findElement(RemoteWebDriver.java:315)
	at tc_website.tc_search.btnHuy(tc_search.java:27)
	at tc_website.tc_search.tk3_searchByPrice(tc_search.java:97)
	at java.base/java.util.ArrayList.forEach(ArrayList.java:1596)
... Removed 32 stack frames
</div> <!-- stack-trace -->
                </div> <!-- method-content -->
              </div> <!-- method -->
              <div class="method">
                <div class="method-content">
                  <a name="tk4_searchByBrand">
                  </a> <!-- tk4_searchByBrand -->
                  <span class="method-name">tk4_searchByBrand</span>
                  <div class="stack-trace">org.openqa.selenium.NoSuchElementException: no such element: Unable to locate element: {&quot;method&quot;:&quot;xpath&quot;,&quot;selector&quot;:&quot;/html[1]/body[1]/div[1]/div[2]/main[1]/div[1]/form[1]/div[1]/div[1]/div[1]/div[1]/div[5]/button[2]/span[1]&quot;}
  (Session info: chrome=140.0.7339.129)
For documentation on this error, please visit: https://www.seleniumhq.org/exceptions/no_such_element.html
Build info: version: &apos;3.141.59&apos;, revision: &apos;e82be7d358&apos;, time: &apos;2018-11-14T08:17:03&apos;
System info: host: &apos;DESKTOP-UF7VLGD&apos;, ip: &apos;192.168.0.103&apos;, os.name: &apos;Windows 11&apos;, os.arch: &apos;amd64&apos;, os.version: &apos;10.0&apos;, java.version: &apos;21.0.2&apos;
Driver info: org.openqa.selenium.chrome.ChromeDriver
Capabilities {acceptInsecureCerts: false, browserName: chrome, browserVersion: 140.0.7339.129, chrome: {chromedriverVersion: 140.0.7339.185 (eeea00e459e..., userDataDir: C:\Users\ADMIN\AppData\Loca...}, fedcm:accounts: true, goog:chromeOptions: {debuggerAddress: localhost:4751}, javascriptEnabled: true, networkConnectionEnabled: false, pageLoadStrategy: normal, platform: WINDOWS, platformName: WINDOWS, proxy: Proxy(), setWindowRect: true, strictFileInteractability: false, timeouts: {implicit: 0, pageLoad: 300000, script: 30000}, unhandledPromptBehavior: dismiss and notify, webauthn:extension:credBlob: true, webauthn:extension:largeBlob: true, webauthn:extension:minPinLength: true, webauthn:extension:prf: true, webauthn:virtualAuthenticators: true}
Session ID: a19eeefcec8adc38305c276f062f16bf
*** Element info: {Using=xpath, value=/html[1]/body[1]/div[1]/div[2]/main[1]/div[1]/form[1]/div[1]/div[1]/div[1]/div[1]/div[5]/button[2]/span[1]}
	at org.openqa.selenium.remote.http.W3CHttpResponseCodec.createException(W3CHttpResponseCodec.java:187)
	at org.openqa.selenium.remote.http.W3CHttpResponseCodec.decode(W3CHttpResponseCodec.java:122)
	at org.openqa.selenium.remote.http.W3CHttpResponseCodec.decode(W3CHttpResponseCodec.java:49)
	at org.openqa.selenium.remote.HttpCommandExecutor.execute(HttpCommandExecutor.java:158)
	at org.openqa.selenium.remote.service.DriverCommandExecutor.execute(DriverCommandExecutor.java:83)
	at org.openqa.selenium.remote.RemoteWebDriver.execute(RemoteWebDriver.java:552)
	at org.openqa.selenium.remote.RemoteWebDriver.findElement(RemoteWebDriver.java:323)
	at org.openqa.selenium.remote.RemoteWebDriver.findElementByXPath(RemoteWebDriver.java:428)
	at org.openqa.selenium.By$ByXPath.findElement(By.java:353)
	at org.openqa.selenium.remote.RemoteWebDriver.findElement(RemoteWebDriver.java:315)
	at tc_website.tc_search.btnHuy(tc_search.java:27)
	at tc_website.tc_search.tk4_searchByBrand(tc_search.java:125)
	at java.base/java.util.ArrayList.forEach(ArrayList.java:1596)
... Removed 32 stack frames
</div> <!-- stack-trace -->
                </div> <!-- method-content -->
              </div> <!-- method -->
            </div> <!-- main-panel-content rounded-window-bottom -->
          </div> <!-- suite-DATN_All_Tests_Suite-class-failed -->
          <div class="suite-DATN_All_Tests_Suite-class-failed">
            <div class="main-panel-header rounded-window-top">
              <img src="failed.png"/>
              <span class="class-name">tc_website.tc_viewProfile</span>
            </div> <!-- main-panel-header rounded-window-top -->
            <div class="main-panel-content rounded-window-bottom">
              <div class="method">
                <div class="method-content">
                  <a name="cn1_viewProfileDetail">
                  </a> <!-- cn1_viewProfileDetail -->
                  <span class="method-name">cn1_viewProfileDetail</span>
                  <div class="stack-trace">java.lang.AssertionError: Giá trị của thuộc tính &apos;value&apos; không khớp! expected [nguyenyen2003+5@gmail.com] but found [nguyenyen2003+7@gmail.com]
	at tc_website.tc_viewProfile.cn1_viewProfileDetail(tc_viewProfile.java:76)
	at java.base/java.util.ArrayList.forEach(ArrayList.java:1596)
... Removed 34 stack frames
</div> <!-- stack-trace -->
                </div> <!-- method-content -->
              </div> <!-- method -->
            </div> <!-- main-panel-content rounded-window-bottom -->
          </div> <!-- suite-DATN_All_Tests_Suite-class-failed -->
          <div class="suite-DATN_All_Tests_Suite-class-failed">
            <div class="main-panel-header rounded-window-top">
              <img src="failed.png"/>
              <span class="class-name">tc_website.tc_cartManagement</span>
            </div> <!-- main-panel-header rounded-window-top -->
            <div class="main-panel-content rounded-window-bottom">
              <div class="method">
                <div class="method-content">
                  <a name="gh1_viewEmptyCart">
                  </a> <!-- gh1_viewEmptyCart -->
                  <span class="method-name">gh1_viewEmptyCart</span>
                  <div class="stack-trace">org.openqa.selenium.NoSuchElementException: no such element: Unable to locate element: {&quot;method&quot;:&quot;css selector&quot;,&quot;selector&quot;:&quot;.text-center.text-gray-500&quot;}
  (Session info: chrome=140.0.7339.129)
For documentation on this error, please visit: https://www.seleniumhq.org/exceptions/no_such_element.html
Build info: version: &apos;3.141.59&apos;, revision: &apos;e82be7d358&apos;, time: &apos;2018-11-14T08:17:03&apos;
System info: host: &apos;DESKTOP-UF7VLGD&apos;, ip: &apos;192.168.0.103&apos;, os.name: &apos;Windows 11&apos;, os.arch: &apos;amd64&apos;, os.version: &apos;10.0&apos;, java.version: &apos;21.0.2&apos;
Driver info: org.openqa.selenium.chrome.ChromeDriver
Capabilities {acceptInsecureCerts: false, browserName: chrome, browserVersion: 140.0.7339.129, chrome: {chromedriverVersion: 140.0.7339.185 (eeea00e459e..., userDataDir: C:\Users\ADMIN\AppData\Loca...}, fedcm:accounts: true, goog:chromeOptions: {debuggerAddress: localhost:7991}, javascriptEnabled: true, networkConnectionEnabled: false, pageLoadStrategy: normal, platform: WINDOWS, platformName: WINDOWS, proxy: Proxy(), setWindowRect: true, strictFileInteractability: false, timeouts: {implicit: 0, pageLoad: 300000, script: 30000}, unhandledPromptBehavior: dismiss and notify, webauthn:extension:credBlob: true, webauthn:extension:largeBlob: true, webauthn:extension:minPinLength: true, webauthn:extension:prf: true, webauthn:virtualAuthenticators: true}
Session ID: 88561a91539cc1e89267197d730886e0
*** Element info: {Using=css selector, value=.text-center.text-gray-500}
	at org.openqa.selenium.remote.http.W3CHttpResponseCodec.createException(W3CHttpResponseCodec.java:187)
	at org.openqa.selenium.remote.http.W3CHttpResponseCodec.decode(W3CHttpResponseCodec.java:122)
	at org.openqa.selenium.remote.http.W3CHttpResponseCodec.decode(W3CHttpResponseCodec.java:49)
	at org.openqa.selenium.remote.HttpCommandExecutor.execute(HttpCommandExecutor.java:158)
	at org.openqa.selenium.remote.service.DriverCommandExecutor.execute(DriverCommandExecutor.java:83)
	at org.openqa.selenium.remote.RemoteWebDriver.execute(RemoteWebDriver.java:552)
	at org.openqa.selenium.remote.RemoteWebDriver.findElement(RemoteWebDriver.java:323)
	at org.openqa.selenium.remote.RemoteWebDriver.findElementByCssSelector(RemoteWebDriver.java:420)
	at org.openqa.selenium.By$ByCssSelector.findElement(By.java:431)
	at org.openqa.selenium.remote.RemoteWebDriver.findElement(RemoteWebDriver.java:315)
	at tc_website.tc_cartManagement.gh1_viewEmptyCart(tc_cartManagement.java:154)
	at java.base/java.util.ArrayList.forEach(ArrayList.java:1596)
... Removed 32 stack frames
</div> <!-- stack-trace -->
                </div> <!-- method-content -->
              </div> <!-- method -->
            </div> <!-- main-panel-content rounded-window-bottom -->
          </div> <!-- suite-DATN_All_Tests_Suite-class-failed -->
          <div class="suite-DATN_All_Tests_Suite-class-skipped">
            <div class="main-panel-header rounded-window-top">
              <img src="skipped.png"/>
              <span class="class-name">tc_website.tc_payment</span>
            </div> <!-- main-panel-header rounded-window-top -->
            <div class="main-panel-content rounded-window-bottom">
              <div class="method">
                <div class="method-content">
                  <a name="tt3_payWithZalopay">
                  </a> <!-- tt3_payWithZalopay -->
                  <span class="method-name">tt3_payWithZalopay</span>
                  <div class="stack-trace">org.openqa.selenium.NoSuchElementException: no such element: Unable to locate element: {&quot;method&quot;:&quot;xpath&quot;,&quot;selector&quot;:&quot;//a[@href=&apos;/profile/me&apos;]&quot;}
  (Session info: chrome=140.0.7339.129)
For documentation on this error, please visit: https://www.seleniumhq.org/exceptions/no_such_element.html
Build info: version: &apos;3.141.59&apos;, revision: &apos;e82be7d358&apos;, time: &apos;2018-11-14T08:17:03&apos;
System info: host: &apos;DESKTOP-UF7VLGD&apos;, ip: &apos;192.168.0.103&apos;, os.name: &apos;Windows 11&apos;, os.arch: &apos;amd64&apos;, os.version: &apos;10.0&apos;, java.version: &apos;21.0.2&apos;
Driver info: org.openqa.selenium.chrome.ChromeDriver
Capabilities {acceptInsecureCerts: false, browserName: chrome, browserVersion: 140.0.7339.129, chrome: {chromedriverVersion: 140.0.7339.185 (eeea00e459e..., userDataDir: C:\Users\ADMIN\AppData\Loca...}, fedcm:accounts: true, goog:chromeOptions: {debuggerAddress: localhost:14080}, javascriptEnabled: true, networkConnectionEnabled: false, pageLoadStrategy: normal, platform: WINDOWS, platformName: WINDOWS, proxy: Proxy(), setWindowRect: true, strictFileInteractability: false, timeouts: {implicit: 0, pageLoad: 300000, script: 30000}, unhandledPromptBehavior: dismiss and notify, webauthn:extension:credBlob: true, webauthn:extension:largeBlob: true, webauthn:extension:minPinLength: true, webauthn:extension:prf: true, webauthn:virtualAuthenticators: true}
Session ID: 653957aca4b2b1182616535033859efb
*** Element info: {Using=xpath, value=//a[@href=&apos;/profile/me&apos;]}
	at org.openqa.selenium.remote.http.W3CHttpResponseCodec.createException(W3CHttpResponseCodec.java:187)
	at org.openqa.selenium.remote.http.W3CHttpResponseCodec.decode(W3CHttpResponseCodec.java:122)
	at org.openqa.selenium.remote.http.W3CHttpResponseCodec.decode(W3CHttpResponseCodec.java:49)
	at org.openqa.selenium.remote.HttpCommandExecutor.execute(HttpCommandExecutor.java:158)
	at org.openqa.selenium.remote.service.DriverCommandExecutor.execute(DriverCommandExecutor.java:83)
	at org.openqa.selenium.remote.RemoteWebDriver.execute(RemoteWebDriver.java:552)
	at org.openqa.selenium.remote.RemoteWebDriver.findElement(RemoteWebDriver.java:323)
	at org.openqa.selenium.remote.RemoteWebDriver.findElementByXPath(RemoteWebDriver.java:428)
	at org.openqa.selenium.By$ByXPath.findElement(By.java:353)
	at org.openqa.selenium.remote.RemoteWebDriver.findElement(RemoteWebDriver.java:315)
	at tc_website.tc_payment.afterTest(tc_payment.java:323)
	at java.base/java.util.ArrayList.forEach(ArrayList.java:1596)
... Removed 37 stack frames
</div> <!-- stack-trace -->
                </div> <!-- method-content -->
              </div> <!-- method -->
            </div> <!-- main-panel-content rounded-window-bottom -->
          </div> <!-- suite-DATN_All_Tests_Suite-class-skipped -->
          <div class="suite-DATN_All_Tests_Suite-class-passed">
            <div class="main-panel-header rounded-window-top">
              <img src="passed.png"/>
              <span class="class-name">tc_website.tc_logout</span>
            </div> <!-- main-panel-header rounded-window-top -->
            <div class="main-panel-content rounded-window-bottom">
              <div class="method">
                <div class="method-content">
                  <a name="dx1_logoutSuccessfully">
                  </a> <!-- dx1_logoutSuccessfully -->
                  <span class="method-name">dx1_logoutSuccessfully</span>
                </div> <!-- method-content -->
              </div> <!-- method -->
            </div> <!-- main-panel-content rounded-window-bottom -->
          </div> <!-- suite-DATN_All_Tests_Suite-class-passed -->
          <div class="suite-DATN_All_Tests_Suite-class-passed">
            <div class="main-panel-header rounded-window-top">
              <img src="passed.png"/>
              <span class="class-name">tc_website.tc_payment</span>
            </div> <!-- main-panel-header rounded-window-top -->
            <div class="main-panel-content rounded-window-bottom">
              <div class="method">
                <div class="method-content">
                  <a name="tt1_payInCash">
                  </a> <!-- tt1_payInCash -->
                  <span class="method-name">tt1_payInCash</span>
                </div> <!-- method-content -->
              </div> <!-- method -->
            </div> <!-- main-panel-content rounded-window-bottom -->
          </div> <!-- suite-DATN_All_Tests_Suite-class-passed -->
          <div class="suite-DATN_All_Tests_Suite-class-passed">
            <div class="main-panel-header rounded-window-top">
              <img src="passed.png"/>
              <span class="class-name">tc_website.RegistrationTestDataDriven</span>
            </div> <!-- main-panel-header rounded-window-top -->
            <div class="main-panel-content rounded-window-bottom">
              <div class="method">
                <div class="method-content">
                  <a name="testRegisterSuccessfully">
                  </a> <!-- testRegisterSuccessfully -->
                  <span class="method-name">testRegisterSuccessfully</span>
                  <em>
(Register with valid data)                  </em>
                </div> <!-- method-content -->
              </div> <!-- method -->
              <div class="method">
                <div class="method-content">
                  <a name="testRegisterWithEmptyEmail">
                  </a> <!-- testRegisterWithEmptyEmail -->
                  <span class="method-name">testRegisterWithEmptyEmail</span>
                  <em>
(Register with empty email)                  </em>
                </div> <!-- method-content -->
              </div> <!-- method -->
              <div class="method">
                <div class="method-content">
                  <a name="testRegisterWithEmptyName">
                  </a> <!-- testRegisterWithEmptyName -->
                  <span class="method-name">testRegisterWithEmptyName</span>
                  <em>
(Register with empty name)                  </em>
                </div> <!-- method-content -->
              </div> <!-- method -->
              <div class="method">
                <div class="method-content">
                  <a name="testRegisterWithExistingEmail">
                  </a> <!-- testRegisterWithExistingEmail -->
                  <span class="method-name">testRegisterWithExistingEmail</span>
                  <em>
(Register with existing email)                  </em>
                </div> <!-- method-content -->
              </div> <!-- method -->
              <div class="method">
                <div class="method-content">
                  <a name="testRegisterWithInvalidEmail">
                  </a> <!-- testRegisterWithInvalidEmail -->
                  <span class="method-name">testRegisterWithInvalidEmail</span>
                  <em>
(Register with invalid email)                  </em>
                </div> <!-- method-content -->
              </div> <!-- method -->
            </div> <!-- main-panel-content rounded-window-bottom -->
          </div> <!-- suite-DATN_All_Tests_Suite-class-passed -->
          <div class="suite-DATN_All_Tests_Suite-class-passed">
            <div class="main-panel-header rounded-window-top">
              <img src="passed.png"/>
              <span class="class-name">tc_website.tc_search</span>
            </div> <!-- main-panel-header rounded-window-top -->
            <div class="main-panel-content rounded-window-bottom">
              <div class="method">
                <div class="method-content">
                  <a name="tk1_searchByCorrectName">
                  </a> <!-- tk1_searchByCorrectName -->
                  <span class="method-name">tk1_searchByCorrectName</span>
                </div> <!-- method-content -->
              </div> <!-- method -->
            </div> <!-- main-panel-content rounded-window-bottom -->
          </div> <!-- suite-DATN_All_Tests_Suite-class-passed -->
          <div class="suite-DATN_All_Tests_Suite-class-passed">
            <div class="main-panel-header rounded-window-top">
              <img src="passed.png"/>
              <span class="class-name">tc_website.LoginTestDataDriven</span>
            </div> <!-- main-panel-header rounded-window-top -->
            <div class="main-panel-content rounded-window-bottom">
              <div class="method">
                <div class="method-content">
                  <a name="testLoginSuccessfully">
                  </a> <!-- testLoginSuccessfully -->
                  <span class="method-name">testLoginSuccessfully</span>
                  <em>
(Login with valid credentials)                  </em>
                </div> <!-- method-content -->
              </div> <!-- method -->
              <div class="method">
                <div class="method-content">
                  <a name="testLoginWithAlphabeticPassword">
                  </a> <!-- testLoginWithAlphabeticPassword -->
                  <span class="method-name">testLoginWithAlphabeticPassword</span>
                  <em>
(Login with alphabetic only password)                  </em>
                </div> <!-- method-content -->
              </div> <!-- method -->
              <div class="method">
                <div class="method-content">
                  <a name="testLoginWithEmptyEmail">
                  </a> <!-- testLoginWithEmptyEmail -->
                  <span class="method-name">testLoginWithEmptyEmail</span>
                  <em>
(Login with empty email)                  </em>
                </div> <!-- method-content -->
              </div> <!-- method -->
              <div class="method">
                <div class="method-content">
                  <a name="testLoginWithEmptyPassword">
                  </a> <!-- testLoginWithEmptyPassword -->
                  <span class="method-name">testLoginWithEmptyPassword</span>
                  <em>
(Login with empty password)                  </em>
                </div> <!-- method-content -->
              </div> <!-- method -->
              <div class="method">
                <div class="method-content">
                  <a name="testLoginWithInvalidEmail">
                  </a> <!-- testLoginWithInvalidEmail -->
                  <span class="method-name">testLoginWithInvalidEmail</span>
                  <em>
(Login with invalid email format)                  </em>
                </div> <!-- method-content -->
              </div> <!-- method -->
              <div class="method">
                <div class="method-content">
                  <a name="testLoginWithNumericPassword">
                  </a> <!-- testLoginWithNumericPassword -->
                  <span class="method-name">testLoginWithNumericPassword</span>
                  <em>
(Login with numeric only password)                  </em>
                </div> <!-- method-content -->
              </div> <!-- method -->
              <div class="method">
                <div class="method-content">
                  <a name="testLoginWithWrongEmail">
                  </a> <!-- testLoginWithWrongEmail -->
                  <span class="method-name">testLoginWithWrongEmail</span>
                  <em>
(Login with wrong email)                  </em>
                </div> <!-- method-content -->
              </div> <!-- method -->
              <div class="method">
                <div class="method-content">
                  <a name="testLoginWithWrongPassword">
                  </a> <!-- testLoginWithWrongPassword -->
                  <span class="method-name">testLoginWithWrongPassword</span>
                  <em>
(Login with wrong password)                  </em>
                </div> <!-- method-content -->
              </div> <!-- method -->
            </div> <!-- main-panel-content rounded-window-bottom -->
          </div> <!-- suite-DATN_All_Tests_Suite-class-passed -->
          <div class="suite-DATN_All_Tests_Suite-class-passed">
            <div class="main-panel-header rounded-window-top">
              <img src="passed.png"/>
              <span class="class-name">tc_website.tc_viewProductDetail</span>
            </div> <!-- main-panel-header rounded-window-top -->
            <div class="main-panel-content rounded-window-bottom">
              <div class="method">
                <div class="method-content">
                  <a name="ct1_viewProductLogout">
                  </a> <!-- ct1_viewProductLogout -->
                  <span class="method-name">ct1_viewProductLogout</span>
                </div> <!-- method-content -->
              </div> <!-- method -->
              <div class="method">
                <div class="method-content">
                  <a name="ct2_viewProductLogin">
                  </a> <!-- ct2_viewProductLogin -->
                  <span class="method-name">ct2_viewProductLogin</span>
                </div> <!-- method-content -->
              </div> <!-- method -->
            </div> <!-- main-panel-content rounded-window-bottom -->
          </div> <!-- suite-DATN_All_Tests_Suite-class-passed -->
          <div class="suite-DATN_All_Tests_Suite-class-passed">
            <div class="main-panel-header rounded-window-top">
              <img src="passed.png"/>
              <span class="class-name">tc_website.tc_updateProfile</span>
            </div> <!-- main-panel-header rounded-window-top -->
            <div class="main-panel-content rounded-window-bottom">
              <div class="method">
                <div class="method-content">
                  <a name="pf1_updateProfile">
                  </a> <!-- pf1_updateProfile -->
                  <span class="method-name">pf1_updateProfile</span>
                </div> <!-- method-content -->
              </div> <!-- method -->
            </div> <!-- main-panel-content rounded-window-bottom -->
          </div> <!-- suite-DATN_All_Tests_Suite-class-passed -->
          <div class="suite-DATN_All_Tests_Suite-class-passed">
            <div class="main-panel-header rounded-window-top">
              <img src="passed.png"/>
              <span class="class-name">tc_website.tc_cartManagement</span>
            </div> <!-- main-panel-header rounded-window-top -->
            <div class="main-panel-content rounded-window-bottom">
              <div class="method">
                <div class="method-content">
                  <a name="gh2_addCart">
                  </a> <!-- gh2_addCart -->
                  <span class="method-name">gh2_addCart</span>
                </div> <!-- method-content -->
              </div> <!-- method -->
              <div class="method">
                <div class="method-content">
                  <a name="gh4_viewCartHasProduct">
                  </a> <!-- gh4_viewCartHasProduct -->
                  <span class="method-name">gh4_viewCartHasProduct</span>
                </div> <!-- method-content -->
              </div> <!-- method -->
            </div> <!-- main-panel-content rounded-window-bottom -->
          </div> <!-- suite-DATN_All_Tests_Suite-class-passed -->
        </div> <!-- panel DATN_All_Tests_Suite -->
        <div panel-name="test-xml-DATN_All_Tests_Suite" class="panel">
          <div class="main-panel-header rounded-window-top">
            <span class="header-content">D:\student\DoAnMaiAnh\test2\DATN_NguyenThiHaiYen_2021607634\testng-all.xml</span>
          </div> <!-- main-panel-header rounded-window-top -->
          <div class="main-panel-content rounded-window-bottom">
            <pre>
&lt;?xml version=&quot;1.0&quot; encoding=&quot;UTF-8&quot;?&gt;
&lt;!DOCTYPE suite SYSTEM &quot;https://testng.org/testng-1.0.dtd&quot;&gt;
&lt;suite name=&quot;DATN All Tests Suite&quot; guice-stage=&quot;DEVELOPMENT&quot; verbose=&quot;0&quot;&gt;
  &lt;test thread-count=&quot;5&quot; name=&quot;All Tests&quot; verbose=&quot;0&quot;&gt;
    &lt;classes&gt;
      &lt;class name=&quot;tc_website.LoginTestDataDriven&quot;/&gt;
      &lt;class name=&quot;tc_website.RegistrationTestDataDriven&quot;/&gt;
      &lt;class name=&quot;tc_website.tc_cartManagement&quot;/&gt;
      &lt;class name=&quot;tc_website.tc_viewProfile&quot;/&gt;
      &lt;class name=&quot;tc_website.tc_updateProfile&quot;/&gt;
      &lt;class name=&quot;tc_website.tc_viewProductDetail&quot;/&gt;
      &lt;class name=&quot;tc_website.tc_search&quot;/&gt;
      &lt;class name=&quot;tc_website.tc_payment&quot;/&gt;
      &lt;class name=&quot;tc_website.tc_logout&quot;/&gt;
    &lt;/classes&gt;
  &lt;/test&gt; &lt;!-- All Tests --&gt;
&lt;/suite&gt; &lt;!-- DATN All Tests Suite --&gt;
            </pre>
          </div> <!-- main-panel-content rounded-window-bottom -->
        </div> <!-- panel -->
        <div panel-name="testlist-DATN_All_Tests_Suite" class="panel">
          <div class="main-panel-header rounded-window-top">
            <span class="header-content">Tests for DATN All Tests Suite</span>
          </div> <!-- main-panel-header rounded-window-top -->
          <div class="main-panel-content rounded-window-bottom">
            <ul>
              <li>
                <span class="test-name">All Tests (9 classes)</span>
              </li>
            </ul>
          </div> <!-- main-panel-content rounded-window-bottom -->
        </div> <!-- panel -->
        <div panel-name="group-DATN_All_Tests_Suite" class="panel">
          <div class="main-panel-header rounded-window-top">
            <span class="header-content">Groups for DATN All Tests Suite</span>
          </div> <!-- main-panel-header rounded-window-top -->
          <div class="main-panel-content rounded-window-bottom">
          </div> <!-- main-panel-content rounded-window-bottom -->
        </div> <!-- panel -->
        <div panel-name="times-DATN_All_Tests_Suite" class="panel">
          <div class="main-panel-header rounded-window-top">
            <span class="header-content">Times for DATN All Tests Suite</span>
          </div> <!-- main-panel-header rounded-window-top -->
          <div class="main-panel-content rounded-window-bottom">
            <div class="times-div">
              <script type="text/javascript">
suiteTableInitFunctions.push('tableData_DATN_All_Tests_Suite');
function tableData_DATN_All_Tests_Suite() {
var data = new google.visualization.DataTable();
data.addColumn('number', 'Number');
data.addColumn('string', 'Method');
data.addColumn('string', 'Class');
data.addColumn('number', 'Time (ms)');
data.addRows(28);
data.setCell(0, 0, 0)
data.setCell(0, 1, 'tt1_payInCash')
data.setCell(0, 2, 'tc_website.tc_payment')
data.setCell(0, 3, 31860);
data.setCell(1, 0, 1)
data.setCell(1, 1, 'gh2_addCart')
data.setCell(1, 2, 'tc_website.tc_cartManagement')
data.setCell(1, 3, 18105);
data.setCell(2, 0, 2)
data.setCell(2, 1, 'gh4_viewCartHasProduct')
data.setCell(2, 2, 'tc_website.tc_cartManagement')
data.setCell(2, 3, 15053);
data.setCell(3, 0, 3)
data.setCell(3, 1, 'ct2_viewProductLogin')
data.setCell(3, 2, 'tc_website.tc_viewProductDetail')
data.setCell(3, 3, 13075);
data.setCell(4, 0, 4)
data.setCell(4, 1, 'gh1_viewEmptyCart')
data.setCell(4, 2, 'tc_website.tc_cartManagement')
data.setCell(4, 3, 10830);
data.setCell(5, 0, 5)
data.setCell(5, 1, 'tt2_payWithMomo')
data.setCell(5, 2, 'tc_website.tc_payment')
data.setCell(5, 3, 9825);
data.setCell(6, 0, 6)
data.setCell(6, 1, 'pf1_updateProfile')
data.setCell(6, 2, 'tc_website.tc_updateProfile')
data.setCell(6, 3, 8823);
data.setCell(7, 0, 7)
data.setCell(7, 1, 'ct1_viewProductLogout')
data.setCell(7, 2, 'tc_website.tc_viewProductDetail')
data.setCell(7, 3, 7568);
data.setCell(8, 0, 8)
data.setCell(8, 1, 'tk1_searchByCorrectName')
data.setCell(8, 2, 'tc_website.tc_search')
data.setCell(8, 3, 7541);
data.setCell(9, 0, 9)
data.setCell(9, 1, 'testLoginSuccessfully')
data.setCell(9, 2, 'tc_website.LoginTestDataDriven')
data.setCell(9, 3, 4365);
data.setCell(10, 0, 10)
data.setCell(10, 1, 'testLoginWithWrongEmail')
data.setCell(10, 2, 'tc_website.LoginTestDataDriven')
data.setCell(10, 3, 4357);
data.setCell(11, 0, 11)
data.setCell(11, 1, 'testLoginWithNumericPassword')
data.setCell(11, 2, 'tc_website.LoginTestDataDriven')
data.setCell(11, 3, 4352);
data.setCell(12, 0, 12)
data.setCell(12, 1, 'testLoginWithAlphabeticPassword')
data.setCell(12, 2, 'tc_website.LoginTestDataDriven')
data.setCell(12, 3, 4341);
data.setCell(13, 0, 13)
data.setCell(13, 1, 'testLoginWithWrongPassword')
data.setCell(13, 2, 'tc_website.LoginTestDataDriven')
data.setCell(13, 3, 4327);
data.setCell(14, 0, 14)
data.setCell(14, 1, 'testLoginWithInvalidEmail')
data.setCell(14, 2, 'tc_website.LoginTestDataDriven')
data.setCell(14, 3, 4306);
data.setCell(15, 0, 15)
data.setCell(15, 1, 'testLoginWithEmptyPassword')
data.setCell(15, 2, 'tc_website.LoginTestDataDriven')
data.setCell(15, 3, 4305);
data.setCell(16, 0, 16)
data.setCell(16, 1, 'testLoginWithEmptyEmail')
data.setCell(16, 2, 'tc_website.LoginTestDataDriven')
data.setCell(16, 3, 4295);
data.setCell(17, 0, 17)
data.setCell(17, 1, 'testRegisterWithExistingEmail')
data.setCell(17, 2, 'tc_website.RegistrationTestDataDriven')
data.setCell(17, 3, 2662);
data.setCell(18, 0, 18)
data.setCell(18, 1, 'testRegisterWithEmptyName')
data.setCell(18, 2, 'tc_website.RegistrationTestDataDriven')
data.setCell(18, 3, 2623);
data.setCell(19, 0, 19)
data.setCell(19, 1, 'testRegisterSuccessfully')
data.setCell(19, 2, 'tc_website.RegistrationTestDataDriven')
data.setCell(19, 3, 2615);
data.setCell(20, 0, 20)
data.setCell(20, 1, 'testRegisterWithEmptyEmail')
data.setCell(20, 2, 'tc_website.RegistrationTestDataDriven')
data.setCell(20, 3, 2582);
data.setCell(21, 0, 21)
data.setCell(21, 1, 'dx1_logoutSuccessfully')
data.setCell(21, 2, 'tc_website.tc_logout')
data.setCell(21, 3, 2128);
data.setCell(22, 0, 22)
data.setCell(22, 1, 'testRegisterWithInvalidEmail')
data.setCell(22, 2, 'tc_website.RegistrationTestDataDriven')
data.setCell(22, 3, 547);
data.setCell(23, 0, 23)
data.setCell(23, 1, 'cn1_viewProfileDetail')
data.setCell(23, 2, 'tc_website.tc_viewProfile')
data.setCell(23, 3, 82);
data.setCell(24, 0, 24)
data.setCell(24, 1, 'tk2_searchByIncorrectName')
data.setCell(24, 2, 'tc_website.tc_search')
data.setCell(24, 3, 53);
data.setCell(25, 0, 25)
data.setCell(25, 1, 'tk4_searchByBrand')
data.setCell(25, 2, 'tc_website.tc_search')
data.setCell(25, 3, 32);
data.setCell(26, 0, 26)
data.setCell(26, 1, 'tk3_searchByPrice')
data.setCell(26, 2, 'tc_website.tc_search')
data.setCell(26, 3, 28);
data.setCell(27, 0, 27)
data.setCell(27, 1, 'tt3_payWithZalopay')
data.setCell(27, 2, 'tc_website.tc_payment')
data.setCell(27, 3, 0);
window.suiteTableData['DATN_All_Tests_Suite']= { tableData: data, tableDiv: 'times-div-DATN_All_Tests_Suite'}
return data;
}
              </script>
              <span class="suite-total-time">Total running time: 2 minutes</span>
              <div id="times-div-DATN_All_Tests_Suite">
              </div> <!-- times-div-DATN_All_Tests_Suite -->
            </div> <!-- times-div -->
          </div> <!-- main-panel-content rounded-window-bottom -->
        </div> <!-- panel -->
        <div panel-name="reporter-DATN_All_Tests_Suite" class="panel">
          <div class="main-panel-header rounded-window-top">
            <span class="header-content">Reporter output for DATN All Tests Suite</span>
          </div> <!-- main-panel-header rounded-window-top -->
          <div class="main-panel-content rounded-window-bottom">
          </div> <!-- main-panel-content rounded-window-bottom -->
        </div> <!-- panel -->
        <div panel-name="ignored-methods-DATN_All_Tests_Suite" class="panel">
          <div class="main-panel-header rounded-window-top">
            <span class="header-content">0 ignored methods</span>
          </div> <!-- main-panel-header rounded-window-top -->
          <div class="main-panel-content rounded-window-bottom">
          </div> <!-- main-panel-content rounded-window-bottom -->
        </div> <!-- panel -->
        <div panel-name="chronological-DATN_All_Tests_Suite" class="panel">
          <div class="main-panel-header rounded-window-top">
            <span class="header-content">Methods in chronological order</span>
          </div> <!-- main-panel-header rounded-window-top -->
          <div class="main-panel-content rounded-window-bottom">
            <div class="chronological-class">
              <div class="chronological-class-name">tc_website.LoginTestDataDriven</div> <!-- chronological-class-name -->
              <div class="configuration-method before">
                <span class="method-name">setUp</span>
                <span class="method-start">0 ms</span>
              </div> <!-- configuration-method before -->
              <div class="test-method">
                <span class="method-name">testLoginSuccessfully</span>
                <span class="method-start">7021 ms</span>
              </div> <!-- test-method -->
              <div class="configuration-method after">
                <span class="method-name">tearDown</span>
                <span class="method-start">11388 ms</span>
              </div> <!-- configuration-method after -->
              <div class="configuration-method before">
                <span class="method-name">setUp</span>
                <span class="method-start">11622 ms</span>
              </div> <!-- configuration-method before -->
              <div class="test-method">
                <span class="method-name">testLoginWithWrongEmail</span>
                <span class="method-start">17403 ms</span>
              </div> <!-- test-method -->
              <div class="configuration-method after">
                <span class="method-name">tearDown</span>
                <span class="method-start">21760 ms</span>
              </div> <!-- configuration-method after -->
              <div class="configuration-method before">
                <span class="method-name">setUp</span>
                <span class="method-start">21949 ms</span>
              </div> <!-- configuration-method before -->
              <div class="test-method">
                <span class="method-name">testLoginWithWrongPassword</span>
                <span class="method-start">27633 ms</span>
              </div> <!-- test-method -->
              <div class="configuration-method after">
                <span class="method-name">tearDown</span>
                <span class="method-start">31960 ms</span>
              </div> <!-- configuration-method after -->
              <div class="configuration-method before">
                <span class="method-name">setUp</span>
                <span class="method-start">32192 ms</span>
              </div> <!-- configuration-method before -->
              <div class="test-method">
                <span class="method-name">testLoginWithEmptyEmail</span>
                <span class="method-start">37838 ms</span>
              </div> <!-- test-method -->
              <div class="configuration-method after">
                <span class="method-name">tearDown</span>
                <span class="method-start">42133 ms</span>
              </div> <!-- configuration-method after -->
              <div class="configuration-method before">
                <span class="method-name">setUp</span>
                <span class="method-start">42350 ms</span>
              </div> <!-- configuration-method before -->
              <div class="test-method">
                <span class="method-name">testLoginWithEmptyPassword</span>
                <span class="method-start">48126 ms</span>
              </div> <!-- test-method -->
              <div class="configuration-method after">
                <span class="method-name">tearDown</span>
                <span class="method-start">52431 ms</span>
              </div> <!-- configuration-method after -->
              <div class="configuration-method before">
                <span class="method-name">setUp</span>
                <span class="method-start">52665 ms</span>
              </div> <!-- configuration-method before -->
              <div class="test-method">
                <span class="method-name">testLoginWithInvalidEmail</span>
                <span class="method-start">58385 ms</span>
              </div> <!-- test-method -->
              <div class="configuration-method after">
                <span class="method-name">tearDown</span>
                <span class="method-start">62691 ms</span>
              </div> <!-- configuration-method after -->
              <div class="configuration-method before">
                <span class="method-name">setUp</span>
                <span class="method-start">62927 ms</span>
              </div> <!-- configuration-method before -->
              <div class="test-method">
                <span class="method-name">testLoginWithNumericPassword</span>
                <span class="method-start">68601 ms</span>
              </div> <!-- test-method -->
              <div class="configuration-method after">
                <span class="method-name">tearDown</span>
                <span class="method-start">72953 ms</span>
              </div> <!-- configuration-method after -->
              <div class="configuration-method before">
                <span class="method-name">setUp</span>
                <span class="method-start">73145 ms</span>
              </div> <!-- configuration-method before -->
              <div class="test-method">
                <span class="method-name">testLoginWithAlphabeticPassword</span>
                <span class="method-start">78856 ms</span>
              </div> <!-- test-method -->
              <div class="configuration-method after">
                <span class="method-name">tearDown</span>
                <span class="method-start">83197 ms</span>
              </div> <!-- configuration-method after -->
            </div> <!-- chronological-class -->
            <div class="chronological-class">
              <div class="chronological-class-name">tc_website.RegistrationTestDataDriven</div> <!-- chronological-class-name -->
              <div class="configuration-method before">
                <span class="method-name">setUp</span>
                <span class="method-start">83371 ms</span>
              </div> <!-- configuration-method before -->
              <div class="test-method">
                <span class="method-name">testRegisterSuccessfully</span>
                <span class="method-start">89171 ms</span>
              </div> <!-- test-method -->
              <div class="configuration-method after">
                <span class="method-name">tearDown</span>
                <span class="method-start">91786 ms</span>
              </div> <!-- configuration-method after -->
              <div class="configuration-method before">
                <span class="method-name">setUp</span>
                <span class="method-start">92018 ms</span>
              </div> <!-- configuration-method before -->
              <div class="test-method">
                <span class="method-name">testRegisterWithExistingEmail</span>
                <span class="method-start">97676 ms</span>
              </div> <!-- test-method -->
              <div class="configuration-method after">
                <span class="method-name">tearDown</span>
                <span class="method-start">100338 ms</span>
              </div> <!-- configuration-method after -->
              <div class="configuration-method before">
                <span class="method-name">setUp</span>
                <span class="method-start">100540 ms</span>
              </div> <!-- configuration-method before -->
              <div class="test-method">
                <span class="method-name">testRegisterWithEmptyName</span>
                <span class="method-start">106240 ms</span>
              </div> <!-- test-method -->
              <div class="configuration-method after">
                <span class="method-name">tearDown</span>
                <span class="method-start">108863 ms</span>
              </div> <!-- configuration-method after -->
              <div class="configuration-method before">
                <span class="method-name">setUp</span>
                <span class="method-start">109096 ms</span>
              </div> <!-- configuration-method before -->
              <div class="test-method">
                <span class="method-name">testRegisterWithEmptyEmail</span>
                <span class="method-start">114767 ms</span>
              </div> <!-- test-method -->
              <div class="configuration-method after">
                <span class="method-name">tearDown</span>
                <span class="method-start">117349 ms</span>
              </div> <!-- configuration-method after -->
              <div class="configuration-method before">
                <span class="method-name">setUp</span>
                <span class="method-start">117566 ms</span>
              </div> <!-- configuration-method before -->
              <div class="test-method">
                <span class="method-name">testRegisterWithInvalidEmail</span>
                <span class="method-start">123198 ms</span>
              </div> <!-- test-method -->
              <div class="configuration-method after">
                <span class="method-name">tearDown</span>
                <span class="method-start">123745 ms</span>
              </div> <!-- configuration-method after -->
            </div> <!-- chronological-class -->
            <div class="chronological-class">
              <div class="chronological-class-name">tc_website.tc_cartManagement</div> <!-- chronological-class-name -->
              <div class="configuration-method before">
                <span class="method-name">setUp</span>
                <span class="method-start">123965 ms</span>
              </div> <!-- configuration-method before -->
              <div class="test-method">
                <img src="failed.png">
                </img>
                <span class="method-name">gh1_viewEmptyCart</span>
                <span class="method-start">129615 ms</span>
              </div> <!-- test-method -->
              <div class="configuration-method after">
                <span class="method-name">afterTest</span>
                <span class="method-start">140447 ms</span>
              </div> <!-- configuration-method after -->
              <div class="configuration-method after">
                <span class="method-name">tearDown</span>
                <span class="method-start">142688 ms</span>
              </div> <!-- configuration-method after -->
              <div class="configuration-method before">
                <span class="method-name">setUp</span>
                <span class="method-start">142688 ms</span>
              </div> <!-- configuration-method before -->
              <div class="test-method">
                <span class="method-name">gh2_addCart</span>
                <span class="method-start">149045 ms</span>
              </div> <!-- test-method -->
              <div class="configuration-method after">
                <span class="method-name">afterTest</span>
                <span class="method-start">167150 ms</span>
              </div> <!-- configuration-method after -->
              <div class="configuration-method before">
                <span class="method-name">setUp</span>
                <span class="method-start">169397 ms</span>
              </div> <!-- configuration-method before -->
              <div class="configuration-method after">
                <span class="method-name">tearDown</span>
                <span class="method-start">169397 ms</span>
              </div> <!-- configuration-method after -->
              <div class="test-method">
                <span class="method-name">gh4_viewCartHasProduct</span>
                <span class="method-start">175746 ms</span>
              </div> <!-- test-method -->
              <div class="configuration-method after">
                <span class="method-name">afterTest</span>
                <span class="method-start">190799 ms</span>
              </div> <!-- configuration-method after -->
              <div class="configuration-method after">
                <span class="method-name">tearDown</span>
                <span class="method-start">193034 ms</span>
              </div> <!-- configuration-method after -->
            </div> <!-- chronological-class -->
            <div class="chronological-class">
              <div class="chronological-class-name">tc_website.tc_viewProfile</div> <!-- chronological-class-name -->
              <div class="configuration-method before">
                <span class="method-name">setUp</span>
                <span class="method-start">193034 ms</span>
              </div> <!-- configuration-method before -->
              <div class="test-method">
                <img src="failed.png">
                </img>
                <span class="method-name">cn1_viewProfileDetail</span>
                <span class="method-start">204805 ms</span>
              </div> <!-- test-method -->
              <div class="configuration-method after">
                <span class="method-name">afterMethod</span>
                <span class="method-start">204888 ms</span>
              </div> <!-- configuration-method after -->
            </div> <!-- chronological-class -->
            <div class="chronological-class">
              <div class="chronological-class-name">tc_website.tc_updateProfile</div> <!-- chronological-class-name -->
              <div class="configuration-method before">
                <span class="method-name">setUp</span>
                <span class="method-start">207115 ms</span>
              </div> <!-- configuration-method before -->
            </div> <!-- chronological-class -->
            <div class="chronological-class">
              <div class="chronological-class-name">tc_website.tc_viewProfile</div> <!-- chronological-class-name -->
              <div class="configuration-method after">
                <span class="method-name">tearDown</span>
                <span class="method-start">207115 ms</span>
              </div> <!-- configuration-method after -->
            </div> <!-- chronological-class -->
            <div class="chronological-class">
              <div class="chronological-class-name">tc_website.tc_updateProfile</div> <!-- chronological-class-name -->
              <div class="test-method">
                <span class="method-name">pf1_updateProfile</span>
                <span class="method-start">219029 ms</span>
              </div> <!-- test-method -->
              <div class="configuration-method after">
                <span class="method-name">afterMethod</span>
                <span class="method-start">227852 ms</span>
              </div> <!-- configuration-method after -->
              <div class="configuration-method after">
                <span class="method-name">tearDown</span>
                <span class="method-start">230085 ms</span>
              </div> <!-- configuration-method after -->
            </div> <!-- chronological-class -->
            <div class="chronological-class">
              <div class="chronological-class-name">tc_website.tc_viewProductDetail</div> <!-- chronological-class-name -->
              <div class="configuration-method before">
                <span class="method-name">setUp</span>
                <span class="method-start">230086 ms</span>
              </div> <!-- configuration-method before -->
              <div class="test-method">
                <span class="method-name">ct1_viewProductLogout</span>
                <span class="method-start">236421 ms</span>
              </div> <!-- test-method -->
              <div class="configuration-method after">
                <span class="method-name">afterMethod</span>
                <span class="method-start">243989 ms</span>
              </div> <!-- configuration-method after -->
              <div class="configuration-method after">
                <span class="method-name">tearDown</span>
                <span class="method-start">246223 ms</span>
              </div> <!-- configuration-method after -->
              <div class="configuration-method before">
                <span class="method-name">setUp</span>
                <span class="method-start">246223 ms</span>
              </div> <!-- configuration-method before -->
              <div class="test-method">
                <span class="method-name">ct2_viewProductLogin</span>
                <span class="method-start">252508 ms</span>
              </div> <!-- test-method -->
              <div class="configuration-method after">
                <span class="method-name">afterMethod</span>
                <span class="method-start">265583 ms</span>
              </div> <!-- configuration-method after -->
              <div class="configuration-method after">
                <span class="method-name">tearDown</span>
                <span class="method-start">267857 ms</span>
              </div> <!-- configuration-method after -->
            </div> <!-- chronological-class -->
            <div class="chronological-class">
              <div class="chronological-class-name">tc_website.tc_search</div> <!-- chronological-class-name -->
              <div class="configuration-method before">
                <span class="method-name">setUp</span>
                <span class="method-start">267858 ms</span>
              </div> <!-- configuration-method before -->
              <div class="test-method">
                <span class="method-name">tk1_searchByCorrectName</span>
                <span class="method-start">274189 ms</span>
              </div> <!-- test-method -->
              <div class="configuration-method after">
                <span class="method-name">afterTest</span>
                <span class="method-start">281730 ms</span>
              </div> <!-- configuration-method after -->
              <div class="configuration-method after">
                <span class="method-name">tearDown</span>
                <span class="method-start">283987 ms</span>
              </div> <!-- configuration-method after -->
              <div class="configuration-method before">
                <span class="method-name">setUp</span>
                <span class="method-start">283988 ms</span>
              </div> <!-- configuration-method before -->
              <div class="test-method">
                <img src="failed.png">
                </img>
                <span class="method-name">tk2_searchByIncorrectName</span>
                <span class="method-start">290275 ms</span>
              </div> <!-- test-method -->
              <div class="configuration-method after">
                <span class="method-name">afterTest</span>
                <span class="method-start">290329 ms</span>
              </div> <!-- configuration-method after -->
              <div class="configuration-method after">
                <span class="method-name">tearDown</span>
                <span class="method-start">292559 ms</span>
              </div> <!-- configuration-method after -->
              <div class="configuration-method before">
                <span class="method-name">setUp</span>
                <span class="method-start">292560 ms</span>
              </div> <!-- configuration-method before -->
              <div class="test-method">
                <img src="failed.png">
                </img>
                <span class="method-name">tk3_searchByPrice</span>
                <span class="method-start">298244 ms</span>
              </div> <!-- test-method -->
              <div class="configuration-method after">
                <span class="method-name">afterTest</span>
                <span class="method-start">298273 ms</span>
              </div> <!-- configuration-method after -->
              <div class="configuration-method before">
                <span class="method-name">setUp</span>
                <span class="method-start">300507 ms</span>
              </div> <!-- configuration-method before -->
              <div class="configuration-method after">
                <span class="method-name">tearDown</span>
                <span class="method-start">300507 ms</span>
              </div> <!-- configuration-method after -->
              <div class="test-method">
                <img src="failed.png">
                </img>
                <span class="method-name">tk4_searchByBrand</span>
                <span class="method-start">306141 ms</span>
              </div> <!-- test-method -->
              <div class="configuration-method after">
                <span class="method-name">afterTest</span>
                <span class="method-start">306174 ms</span>
              </div> <!-- configuration-method after -->
              <div class="configuration-method after">
                <span class="method-name">tearDown</span>
                <span class="method-start">308413 ms</span>
              </div> <!-- configuration-method after -->
            </div> <!-- chronological-class -->
            <div class="chronological-class">
              <div class="chronological-class-name">tc_website.tc_payment</div> <!-- chronological-class-name -->
              <div class="configuration-method before">
                <span class="method-name">setUp</span>
                <span class="method-start">308413 ms</span>
              </div> <!-- configuration-method before -->
              <div class="test-method">
                <span class="method-name">tt1_payInCash</span>
                <span class="method-start">314029 ms</span>
              </div> <!-- test-method -->
              <div class="configuration-method after">
                <span class="method-name">afterTest</span>
                <span class="method-start">345889 ms</span>
              </div> <!-- configuration-method after -->
              <div class="configuration-method after">
                <span class="method-name">tearDown</span>
                <span class="method-start">353358 ms</span>
              </div> <!-- configuration-method after -->
              <div class="configuration-method before">
                <span class="method-name">setUp</span>
                <span class="method-start">353359 ms</span>
              </div> <!-- configuration-method before -->
              <div class="test-method">
                <img src="failed.png">
                </img>
                <span class="method-name">tt2_payWithMomo</span>
                <span class="method-start">359419 ms</span>
              </div> <!-- test-method -->
              <div class="configuration-method after">
                <img src="failed.png">
                </img>
                <span class="method-name">afterTest</span>
                <span class="method-start">369244 ms</span>
              </div> <!-- configuration-method after -->
              <div class="configuration-method after">
                <span class="method-name">tearDown</span>
                <span class="method-start">369264 ms</span>
              </div> <!-- configuration-method after -->
              <div class="configuration-method after">
                <span class="method-name">afterTest</span>
                <span class="method-start">369265 ms</span>
              </div> <!-- configuration-method after -->
              <div class="configuration-method after">
                <span class="method-name">tearDown</span>
                <span class="method-start">369265 ms</span>
              </div> <!-- configuration-method after -->
              <div class="configuration-method before">
                <span class="method-name">setUp</span>
                <span class="method-start">369265 ms</span>
              </div> <!-- configuration-method before -->
              <div class="test-method">
                <span class="method-name">tt3_payWithZalopay</span>
                <span class="method-start">369265 ms</span>
              </div> <!-- test-method -->
            </div> <!-- chronological-class -->
            <div class="chronological-class">
              <div class="chronological-class-name">tc_website.tc_logout</div> <!-- chronological-class-name -->
              <div class="configuration-method before">
                <span class="method-name">setUp</span>
                <span class="method-start">369266 ms</span>
              </div> <!-- configuration-method before -->
              <div class="test-method">
                <span class="method-name">dx1_logoutSuccessfully</span>
                <span class="method-start">380271 ms</span>
              </div> <!-- test-method -->
              <div class="configuration-method after">
                <span class="method-name">afterMethod</span>
                <span class="method-start">382399 ms</span>
              </div> <!-- configuration-method after -->
              <div class="configuration-method after">
                <span class="method-name">tearDown</span>
                <span class="method-start">384623 ms</span>
              </div> <!-- configuration-method after -->
          </div> <!-- main-panel-content rounded-window-bottom -->
        </div> <!-- panel -->
      </div> <!-- main-panel-root -->
    </div> <!-- wrapper -->
  </body>
<script type="text/javascript" src="testng-reports2.js"></script>
</html>
