<?xml version="1.0" encoding="UTF-8"?>
<testng-results ignored="2" total="3" passed="1" failed="0" skipped="0">
  <reporter-output>
  </reporter-output>
  <suite started-at="2025-09-19T23:13:24 ICT" name="Surefire suite" finished-at="2025-09-19T23:13:45 ICT" duration-ms="21719">
    <groups>
    </groups>
    <test started-at="2025-09-19T23:13:24 ICT" name="Surefire test" finished-at="2025-09-19T23:13:45 ICT" duration-ms="21719">
      <class name="tc_website.tc_cartManagement">
        <test-method is-config="true" signature="setUp()[pri:0, instance:tc_website.tc_cartManagement@143640d5]" started-at="2025-09-19T23:13:24 ICT" name="setUp" finished-at="2025-09-19T23:13:31 ICT" duration-ms="7587" status="PASS">
          <reporter-output>
          </reporter-output>
        </test-method> <!-- setUp -->
        <test-method signature="gh1_viewEmptyCart()[pri:1, instance:tc_website.tc_cartManagement@143640d5]" started-at="2025-09-19T23:13:31 ICT" name="gh1_viewEmptyCart" finished-at="2025-09-19T23:13:43 ICT" duration-ms="11677" status="PASS">
          <reporter-output>
          </reporter-output>
        </test-method> <!-- gh1_viewEmptyCart -->
        <test-method is-config="true" signature="tearDown()[pri:0, instance:tc_website.tc_cartManagement@143640d5]" started-at="2025-09-19T23:13:43 ICT" name="tearDown" finished-at="2025-09-19T23:13:43 ICT" duration-ms="367" status="PASS">
          <reporter-output>
          </reporter-output>
        </test-method> <!-- tearDown -->
        <test-method is-config="true" signature="afterTest()[pri:0, instance:tc_website.tc_cartManagement@143640d5]" started-at="2025-09-19T23:13:43 ICT" name="afterTest" finished-at="2025-09-19T23:13:45 ICT" duration-ms="2002" status="PASS">
          <reporter-output>
          </reporter-output>
        </test-method> <!-- afterTest -->
      </class> <!-- tc_website.tc_cartManagement -->
    </test> <!-- Surefire test -->
  </suite> <!-- Surefire suite -->
</testng-results>
