<?xml version="1.0" encoding="UTF-8"?>
<testng-results ignored="7" total="8" passed="1" failed="0" skipped="0">
  <reporter-output>
  </reporter-output>
  <suite started-at="2025-09-19T20:26:39 ICT" name="Surefire suite" finished-at="2025-09-19T20:26:50 ICT" duration-ms="11628">
    <groups>
    </groups>
    <test started-at="2025-09-19T20:26:39 ICT" name="Surefire test" finished-at="2025-09-19T20:26:50 ICT" duration-ms="11628">
      <class name="tc_website.tc_login">
        <test-method is-config="true" signature="setUp()[pri:0, instance:tc_website.tc_login@5d47c63f]" started-at="2025-09-19T20:26:39 ICT" name="setUp" finished-at="2025-09-19T20:26:45 ICT" duration-ms="6909" status="PASS">
          <reporter-output>
          </reporter-output>
        </test-method> <!-- setUp -->
        <test-method signature="dn1_loginSuccessfully()[pri:0, instance:tc_website.tc_login@5d47c63f]" started-at="2025-09-19T20:26:45 ICT" name="dn1_loginSuccessfully" finished-at="2025-09-19T20:26:50 ICT" duration-ms="4425" status="PASS">
          <reporter-output>
          </reporter-output>
        </test-method> <!-- dn1_loginSuccessfully -->
        <test-method is-config="true" signature="tearDown()[pri:0, instance:tc_website.tc_login@5d47c63f]" started-at="2025-09-19T20:26:50 ICT" name="tearDown" finished-at="2025-09-19T20:26:50 ICT" duration-ms="263" status="PASS">
          <reporter-output>
          </reporter-output>
        </test-method> <!-- tearDown -->
      </class> <!-- tc_website.tc_login -->
    </test> <!-- Surefire test -->
  </suite> <!-- Surefire suite -->
</testng-results>
