<?xml version="1.0" encoding="UTF-8"?>
<testng-results ignored="0" total="8" passed="8" failed="0" skipped="0">
  <reporter-output>
  </reporter-output>
  <suite started-at="2025-09-19T20:38:01 ICT" name="Surefire suite" finished-at="2025-09-19T20:39:28 ICT" duration-ms="87639">
    <groups>
    </groups>
    <test started-at="2025-09-19T20:38:01 ICT" name="Surefire test" finished-at="2025-09-19T20:39:28 ICT" duration-ms="87639">
      <class name="tc_website.LoginTestDataDriven">
        <test-method is-config="true" signature="setUp()[pri:0, instance:tc_website.LoginTestDataDriven@5d47c63f]" started-at="2025-09-19T20:38:01 ICT" name="setUp" finished-at="2025-09-19T20:38:08 ICT" duration-ms="7332" status="PASS">
          <reporter-output>
          </reporter-output>
        </test-method> <!-- setUp -->
        <test-method signature="testLoginSuccessfully()[pri:1, instance:tc_website.LoginTestDataDriven@5d47c63f]" started-at="2025-09-19T20:38:08 ICT" name="testLoginSuccessfully" description="Login with valid credentials" finished-at="2025-09-19T20:38:12 ICT" duration-ms="4435" status="PASS">
          <reporter-output>
          </reporter-output>
        </test-method> <!-- testLoginSuccessfully -->
        <test-method is-config="true" signature="tearDown()[pri:0, instance:tc_website.LoginTestDataDriven@5d47c63f]" started-at="2025-09-19T20:38:12 ICT" name="tearDown" finished-at="2025-09-19T20:38:13 ICT" duration-ms="226" status="PASS">
          <reporter-output>
          </reporter-output>
        </test-method> <!-- tearDown -->
        <test-method is-config="true" signature="setUp()[pri:0, instance:tc_website.LoginTestDataDriven@5d47c63f]" started-at="2025-09-19T20:38:13 ICT" name="setUp" finished-at="2025-09-19T20:38:19 ICT" duration-ms="5884" status="PASS">
          <reporter-output>
          </reporter-output>
        </test-method> <!-- setUp -->
        <test-method signature="testLoginWithWrongEmail()[pri:2, instance:tc_website.LoginTestDataDriven@5d47c63f]" started-at="2025-09-19T20:38:19 ICT" name="testLoginWithWrongEmail" description="Login with wrong email" finished-at="2025-09-19T20:38:23 ICT" duration-ms="4343" status="PASS">
          <reporter-output>
          </reporter-output>
        </test-method> <!-- testLoginWithWrongEmail -->
        <test-method is-config="true" signature="tearDown()[pri:0, instance:tc_website.LoginTestDataDriven@5d47c63f]" started-at="2025-09-19T20:38:23 ICT" name="tearDown" finished-at="2025-09-19T20:38:23 ICT" duration-ms="221" status="PASS">
          <reporter-output>
          </reporter-output>
        </test-method> <!-- tearDown -->
        <test-method is-config="true" signature="setUp()[pri:0, instance:tc_website.LoginTestDataDriven@5d47c63f]" started-at="2025-09-19T20:38:23 ICT" name="setUp" finished-at="2025-09-19T20:38:30 ICT" duration-ms="6923" status="PASS">
          <reporter-output>
          </reporter-output>
        </test-method> <!-- setUp -->
        <test-method signature="testLoginWithWrongPassword()[pri:3, instance:tc_website.LoginTestDataDriven@5d47c63f]" started-at="2025-09-19T20:38:30 ICT" name="testLoginWithWrongPassword" description="Login with wrong password" finished-at="2025-09-19T20:38:34 ICT" duration-ms="4364" status="PASS">
          <reporter-output>
          </reporter-output>
        </test-method> <!-- testLoginWithWrongPassword -->
        <test-method is-config="true" signature="tearDown()[pri:0, instance:tc_website.LoginTestDataDriven@5d47c63f]" started-at="2025-09-19T20:38:34 ICT" name="tearDown" finished-at="2025-09-19T20:38:35 ICT" duration-ms="285" status="PASS">
          <reporter-output>
          </reporter-output>
        </test-method> <!-- tearDown -->
        <test-method is-config="true" signature="setUp()[pri:0, instance:tc_website.LoginTestDataDriven@5d47c63f]" started-at="2025-09-19T20:38:35 ICT" name="setUp" finished-at="2025-09-19T20:38:41 ICT" duration-ms="6769" status="PASS">
          <reporter-output>
          </reporter-output>
        </test-method> <!-- setUp -->
        <test-method signature="testLoginWithEmptyEmail()[pri:4, instance:tc_website.LoginTestDataDriven@5d47c63f]" started-at="2025-09-19T20:38:41 ICT" name="testLoginWithEmptyEmail" description="Login with empty email" finished-at="2025-09-19T20:38:46 ICT" duration-ms="4304" status="PASS">
          <reporter-output>
          </reporter-output>
        </test-method> <!-- testLoginWithEmptyEmail -->
        <test-method is-config="true" signature="tearDown()[pri:0, instance:tc_website.LoginTestDataDriven@5d47c63f]" started-at="2025-09-19T20:38:46 ICT" name="tearDown" finished-at="2025-09-19T20:38:46 ICT" duration-ms="220" status="PASS">
          <reporter-output>
          </reporter-output>
        </test-method> <!-- tearDown -->
        <test-method is-config="true" signature="setUp()[pri:0, instance:tc_website.LoginTestDataDriven@5d47c63f]" started-at="2025-09-19T20:38:46 ICT" name="setUp" finished-at="2025-09-19T20:38:52 ICT" duration-ms="6274" status="PASS">
          <reporter-output>
          </reporter-output>
        </test-method> <!-- setUp -->
        <test-method signature="testLoginWithEmptyPassword()[pri:5, instance:tc_website.LoginTestDataDriven@5d47c63f]" started-at="2025-09-19T20:38:52 ICT" name="testLoginWithEmptyPassword" description="Login with empty password" finished-at="2025-09-19T20:38:57 ICT" duration-ms="4300" status="PASS">
          <reporter-output>
          </reporter-output>
        </test-method> <!-- testLoginWithEmptyPassword -->
        <test-method is-config="true" signature="tearDown()[pri:0, instance:tc_website.LoginTestDataDriven@5d47c63f]" started-at="2025-09-19T20:38:57 ICT" name="tearDown" finished-at="2025-09-19T20:38:57 ICT" duration-ms="203" status="PASS">
          <reporter-output>
          </reporter-output>
        </test-method> <!-- tearDown -->
        <test-method is-config="true" signature="setUp()[pri:0, instance:tc_website.LoginTestDataDriven@5d47c63f]" started-at="2025-09-19T20:38:57 ICT" name="setUp" finished-at="2025-09-19T20:39:03 ICT" duration-ms="5917" status="PASS">
          <reporter-output>
          </reporter-output>
        </test-method> <!-- setUp -->
        <test-method signature="testLoginWithInvalidEmail()[pri:6, instance:tc_website.LoginTestDataDriven@5d47c63f]" started-at="2025-09-19T20:39:03 ICT" name="testLoginWithInvalidEmail" description="Login with invalid email format" finished-at="2025-09-19T20:39:07 ICT" duration-ms="4341" status="PASS">
          <reporter-output>
          </reporter-output>
        </test-method> <!-- testLoginWithInvalidEmail -->
        <test-method is-config="true" signature="tearDown()[pri:0, instance:tc_website.LoginTestDataDriven@5d47c63f]" started-at="2025-09-19T20:39:07 ICT" name="tearDown" finished-at="2025-09-19T20:39:07 ICT" duration-ms="213" status="PASS">
          <reporter-output>
          </reporter-output>
        </test-method> <!-- tearDown -->
        <test-method is-config="true" signature="setUp()[pri:0, instance:tc_website.LoginTestDataDriven@5d47c63f]" started-at="2025-09-19T20:39:07 ICT" name="setUp" finished-at="2025-09-19T20:39:13 ICT" duration-ms="5966" status="PASS">
          <reporter-output>
          </reporter-output>
        </test-method> <!-- setUp -->
        <test-method signature="testLoginWithNumericPassword()[pri:7, instance:tc_website.LoginTestDataDriven@5d47c63f]" started-at="2025-09-19T20:39:13 ICT" name="testLoginWithNumericPassword" description="Login with numeric only password" finished-at="2025-09-19T20:39:18 ICT" duration-ms="4367" status="PASS">
          <reporter-output>
          </reporter-output>
        </test-method> <!-- testLoginWithNumericPassword -->
        <test-method is-config="true" signature="tearDown()[pri:0, instance:tc_website.LoginTestDataDriven@5d47c63f]" started-at="2025-09-19T20:39:18 ICT" name="tearDown" finished-at="2025-09-19T20:39:18 ICT" duration-ms="235" status="PASS">
          <reporter-output>
          </reporter-output>
        </test-method> <!-- tearDown -->
        <test-method is-config="true" signature="setUp()[pri:0, instance:tc_website.LoginTestDataDriven@5d47c63f]" started-at="2025-09-19T20:39:18 ICT" name="setUp" finished-at="2025-09-19T20:39:24 ICT" duration-ms="5943" status="PASS">
          <reporter-output>
          </reporter-output>
        </test-method> <!-- setUp -->
        <test-method signature="testLoginWithAlphabeticPassword()[pri:8, instance:tc_website.LoginTestDataDriven@5d47c63f]" started-at="2025-09-19T20:39:24 ICT" name="testLoginWithAlphabeticPassword" description="Login with alphabetic only password" finished-at="2025-09-19T20:39:28 ICT" duration-ms="4368" status="PASS">
          <reporter-output>
          </reporter-output>
        </test-method> <!-- testLoginWithAlphabeticPassword -->
        <test-method is-config="true" signature="tearDown()[pri:0, instance:tc_website.LoginTestDataDriven@5d47c63f]" started-at="2025-09-19T20:39:28 ICT" name="tearDown" finished-at="2025-09-19T20:39:28 ICT" duration-ms="171" status="PASS">
          <reporter-output>
          </reporter-output>
        </test-method> <!-- tearDown -->
      </class> <!-- tc_website.LoginTestDataDriven -->
    </test> <!-- Surefire test -->
  </suite> <!-- Surefire suite -->
</testng-results>
