<?xml version="1.0" encoding="UTF-8"?>
<!-- Generated by org.testng.reporters.JUnitReportReporter -->
<testsuite hostname="DESKTOP-NTG4NUB" failures="0" tests="8" name="functionRegister.tc_login" time="91.754" errors="0" timestamp="2025-06-15T23:34:14 ICT" skipped="0">
  <testcase classname="functionRegister.tc_login" name="dn1_loginSuccessfully" time="12.029"/>
  <testcase classname="functionRegister.tc_login" name="dn2_loginWithWrongEmail" time="11.878"/>
  <testcase classname="functionRegister.tc_login" name="dn3_loginWithWrongPassword" time="12.750"/>
  <testcase classname="functionRegister.tc_login" name="dn4_loginWithEmptyEmail" time="10.852"/>
  <testcase classname="functionRegister.tc_login" name="dn5_loginWithEmptyPassword" time="10.744"/>
  <testcase classname="functionRegister.tc_login" name="dn6_loginWithInvalidEmail" time="11.013"/>
  <testcase classname="functionRegister.tc_login" name="dn7_loginWithPasswordHasOnlyNumbers" time="11.354"/>
  <testcase classname="functionRegister.tc_login" name="dn8_loginWithPasswordHasOnlyAlphabet" time="11.134"/>
</testsuite> <!-- functionRegister.tc_login -->
