<?xml version="1.0" encoding="UTF-8"?>
<!-- Generated by org.testng.reporters.JUnitReportReporter -->
<testsuite hostname="DESKTOP-NTG4NUB" failures="0" tests="2" name="tc_website.tc_changPW" time="6.684" errors="0" timestamp="2025-06-18T06:40:29 ICT" skipped="0">
  <testcase classname="tc_website.tc_changPW" name="mk1_wrongCurrentPassword" time="3.927"/>
  <testcase classname="tc_website.tc_changPW" name="mk2_changePasswordSuccessfull" time="2.757"/>
</testsuite> <!-- tc_website.tc_changPW -->
