<?xml version="1.0" encoding="UTF-8"?>
<!-- Generated by org.testng.reporters.JUnitReportReporter -->
<testsuite hostname="DESKTOP-NTG4NUB" failures="0" tests="2" name="tc_website.tc_changePassword" time="35.338" errors="0" timestamp="2025-06-17T05:21:20 ICT" skipped="0">
  <testcase classname="tc_website.tc_changePassword" name="mk1_wrongCurrentPassword" time="17.603"/>
  <testcase classname="tc_website.tc_changePassword" name="mk2_changePasswordSuccessfull" time="17.735"/>
</testsuite> <!-- tc_website.tc_changePassword -->
