<?xml version="1.0" encoding="UTF-8"?>
<!-- Generated by org.testng.reporters.JUnitReportReporter -->
<testsuite hostname="DESKTOP-NTG4NUB" failures="0" tests="2" name="tc_website.tc_viewProductDetail" time="33.781" errors="0" timestamp="2025-06-18T06:15:40 ICT" skipped="0">
  <testcase classname="tc_website.tc_viewProductDetail" name="ct1_viewProductLogout" time="13.432"/>
  <testcase classname="tc_website.tc_viewProductDetail" name="ct2_viewProductLogin" time="20.349"/>
</testsuite> <!-- tc_website.tc_viewProductDetail -->
