<?xml version="1.0" encoding="UTF-8"?>
<!-- Generated by org.testng.reporters.JUnitReportReporter -->
<testsuite hostname="DESKTOP-NTG4NUB" failures="0" tests="9" name="functionRegister.tc_dky" time="105.535" errors="0" timestamp="2025-06-15T17:41:17 ICT" skipped="0">
  <testcase classname="functionRegister.tc_dky" name="dk1_registerSuccessfully" time="16.332"/>
  <testcase classname="functionRegister.tc_dky" name="dky2_registerByExistedMail" time="12.175"/>
  <testcase classname="functionRegister.tc_dky" name="dk3_emptyName" time="10.266"/>
  <testcase classname="functionRegister.tc_dky" name="dk4_emptyEmail" time="10.370"/>
  <testcase classname="functionRegister.tc_dky" name="dk5_emptyPassword" time="10.590"/>
  <testcase classname="functionRegister.tc_dky" name="dk6_emptyPassword" time="10.320"/>
  <testcase classname="functionRegister.tc_dky" name="dky7_InvalidMail" time="10.758"/>
  <testcase classname="functionRegister.tc_dky" name="dky8_passwordHasOnlyNumbers" time="12.358"/>
  <testcase classname="functionRegister.tc_dky" name="dky9_passwordHasOnlyAlphabet" time="12.366"/>
</testsuite> <!-- functionRegister.tc_dky -->
